0001_0053_0096_0274_0274.jpg 1 53 96 274 274
0002_0095_0179_0150_0150.jpg 1 95 179 150 150
0003_0172_0063_0212_0212.jpg 1 172 63 212 212
0004_0120_0034_0255_0255.jpg 1 120 34 255 255
0005_0077_0242_0200_0200.jpg 1 77 242 200 200
0006_0282_0034_0184_0184.jpg 1 282 34 184 184
0007_0117_0119_0307_0307.jpg 1 117 119 307 307
0008_0385_0249_0080_0080.jpg 1 385 249 80 80
0009_0209_0083_0299_0299.jpg 1 209 83 299 299
0010_0257_0111_0281_0281.jpg 1 257 111 281 281
0011_0140_0146_0231_0231.jpg 1 140 146 231 231
0012_0068_0230_0234_0234.jpg 1 68 230 234 234
0013_0246_0297_0025_0025.jpg 1 246 297 25 25
0014_0172_0091_0077_0077.jpg 1 172 91 77 77
0015_0346_0072_0149_0149.jpg 1 346 72 149 149
0016_0276_0236_0074_0074.jpg 1 276 236 74 74
0017_0175_0026_0332_0332.jpg 1 175 26 332 332
0018_0101_0104_0264_0264.jpg 1 101 104 264 264
0019_0186_0362_0068_0068.jpg 1 186 362 68 68
0020_0245_0061_0327_0327.jpg 1 245 61 327 327
0021_0071_0146_0294_0294.jpg 1 71 146 294 294
0022_0309_0064_0085_0085.jpg 1 309 64 85 85
0023_0120_0098_0173_0173.jpg 1 120 98 173 173
0024_0127_0126_0319_0319.jpg 1 127 126 319 319
0025_0096_0139_0294_0294.jpg 1 96 139 294 294
0026_0102_0076_0299_0299.jpg 1 102 76 299 299
0027_0087_0061_0044_0044.jpg 1 87 61 44 44
0028_0131_0052_0303_0303.jpg 1 131 52 303 303
0029_0169_0156_0280_0280.jpg 1 169 156 280 280
0030_0157_0050_0207_0207.jpg 1 157 50 207 207
0031_0128_0127_0315_0315.jpg 1 128 127 315 315
0032_0094_0234_0252_0252.jpg 1 94 234 252 252
0033_0181_0021_0298_0298.jpg 1 181 21 298 298
0034_0319_0225_0196_0196.jpg 1 319 225 196 196
0035_0363_0239_0136_0136.jpg 1 363 239 136 136
0036_0082_0139_0301_0301.jpg 1 82 139 301 301
0037_0067_0136_0262_0262.jpg 1 67 136 262 262
0038_0204_0098_0294_0294.jpg 1 204 98 294 294
0039_0208_0123_0219_0219.jpg 1 208 123 219 219
0040_0079_0089_0059_0059.jpg 1 79 89 59 59
0041_0328_0084_0196_0196.jpg 1 328 84 196 196
0042_0045_0080_0238_0238.jpg 1 45 80 238 238
0043_0116_0055_0088_0088.jpg 1 116 55 88 88
0044_0193_0029_0248_0248.jpg 1 193 29 248 248
0045_0084_0161_0196_0196.jpg 1 84 161 196 196
0046_0053_0344_0163_0163.jpg 1 53 344 163 163
0047_0135_0093_0324_0324.jpg 1 135 93 324 324
0048_0279_0220_0068_0068.jpg 1 279 220 68 68
0049_0415_0352_0024_0024.jpg 1 415 352 24 24
0050_0171_0301_0223_0223.jpg 1 171 301 223 223
0051_0083_0237_0031_0031.jpg 1 83 237 31 31
0052_0350_0052_0123_0123.jpg 1 350 52 123 123
0053_0051_0154_0113_0113.jpg 1 51 154 113 113
0054_0139_0136_0189_0189.jpg 1 139 136 189 189
0055_0295_0073_0249_0249.jpg 1 295 73 249 249
0056_0203_0088_0132_0132.jpg 1 203 88 132 132
0057_0232_0095_0237_0237.jpg 1 232 95 237 237
0058_0188_0250_0058_0058.jpg 1 188 250 58 58
0059_0206_0289_0076_0076.jpg 1 206 289 76 76
0060_0210_0126_0171_0171.jpg 1 210 126 171 171
0061_0246_0075_0309_0309.jpg 1 246 75 309 309
0062_0060_0287_0037_0037.jpg 1 60 287 37 37
0063_0320_0109_0083_0083.jpg 1 320 109 83 83
0064_0179_0151_0175_0175.jpg 1 179 151 175 175
0065_0166_0212_0198_0198.jpg 1 166 212 198 198
0066_0291_0048_0270_0270.jpg 1 291 48 270 270
0067_0111_0080_0219_0219.jpg 1 111 80 219 219
0068_0122_0177_0045_0045.jpg 1 122 177 45 45
0069_0131_0393_0030_0030.jpg 1 131 393 30 30
0070_0407_0173_0067_0067.jpg 1 407 173 67 67
0071_0207_0202_0197_0197.jpg 1 207 202 197 197
0072_0239_0116_0317_0317.jpg 1 239 116 317 317
0073_0082_0247_0184_0184.jpg 1 82 247 184 184
0074_0155_0040_0275_0275.jpg 1 155 40 275 275
0075_0115_0118_0281_0281.jpg 1 115 118 281 281
0076_0096_0079_0328_0328.jpg 1 96 79 328 328
0077_0063_0112_0286_0286.jpg 1 63 112 286 286
0078_0372_0060_0146_0146.jpg 1 372 60 146 146
0079_0042_0121_0313_0313.jpg 1 42 121 313 313
0080_0415_0078_0103_0103.jpg 1 415 78 103 103
0081_0108_0291_0108_0108.jpg 1 108 291 108 108
0082_0100_0113_0307_0307.jpg 1 100 113 307 307
0083_0075_0165_0104_0104.jpg 1 75 165 104 104
0084_0130_0259_0305_0305.jpg 1 130 259 305 305
0085_0343_0048_0178_0178.jpg 1 343 48 178 178
0086_0055_0129_0220_0220.jpg 1 55 129 220 220
0087_0394_0231_0102_0102.jpg 1 394 231 102 102
0088_0146_0203_0059_0059.jpg 1 146 203 59 59
0089_0308_0156_0189_0189.jpg 1 308 156 189 189
0090_0147_0111_0277_0277.jpg 1 147 111 277 277
0091_0208_0162_0174_0174.jpg 1 208 162 174 174
0092_0194_0060_0172_0172.jpg 1 194 60 172 172
0093_0220_0106_0274_0274.jpg 1 220 106 274 274
0094_0253_0100_0223_0223.jpg 1 253 100 223 223
0095_0311_0076_0244_0244.jpg 1 311 76 244 244
0096_0060_0111_0235_0235.jpg 1 60 111 235 235
0097_0216_0101_0292_0292.jpg 1 216 101 292 292
0098_0098_0074_0327_0327.jpg 1 98 74 327 327
0099_0115_0350_0128_0128.jpg 1 115 350 128 128
0100_0106_0232_0163_0163.jpg 1 106 232 163 163
0101_0154_0186_0216_0216.jpg 1 154 186 216 216
0102_0238_0289_0062_0062.jpg 1 238 289 62 62
0103_0176_0054_0078_0078.jpg 1 176 54 78 78
0104_0105_0087_0212_0212.jpg 1 105 87 212 212
0105_0128_0077_0335_0335.jpg 1 128 77 335 335
0106_0121_0303_0227_0227.jpg 1 121 303 227 227
0107_0119_0141_0264_0264.jpg 1 119 141 264 264
0108_0111_0302_0051_0051.jpg 1 111 302 51 51
0109_0229_0060_0274_0274.jpg 1 229 60 274 274
0110_0264_0268_0107_0107.jpg 1 264 268 107 107
0111_0471_0212_0033_0033.jpg 1 471 212 33 33
0112_0098_0325_0204_0204.jpg 1 98 325 204 204
0113_0393_0081_0142_0142.jpg 1 393 81 142 142
0114_0076_0066_0276_0276.jpg 1 76 66 276 276
0115_0293_0254_0139_0139.jpg 1 293 254 139 139
0116_0204_0071_0267_0267.jpg 1 204 71 267 267
0117_0114_0193_0046_0046.jpg 1 114 193 46 46
0118_0253_0181_0138_0138.jpg 1 253 181 138 138
0119_0091_0124_0251_0251.jpg 1 91 124 251 251
0120_0012_0060_0258_0258.jpg 1 12 60 258 258
0121_0135_0106_0210_0210.jpg 1 135 106 210 210
0122_0034_0237_0276_0276.jpg 1 34 237 276 276
0123_0263_0111_0256_0256.jpg 1 263 111 256 256
0124_0212_0063_0102_0102.jpg 1 212 63 102 102
0125_0127_0047_0193_0193.jpg 1 127 47 193 193
0126_0282_0319_0057_0057.jpg 1 282 319 57 57
0127_0229_0219_0130_0130.jpg 1 229 219 130 130
0128_0080_0283_0178_0178.jpg 1 80 283 178 178
0129_0269_0404_0119_0119.jpg 1 269 404 119 119
0130_0333_0045_0137_0137.jpg 1 333 45 137 137
0131_0128_0063_0307_0307.jpg 1 128 63 307 307
0132_0262_0136_0153_0153.jpg 1 262 136 153 153
0133_0381_0280_0122_0122.jpg 1 381 280 122 122
0134_0202_0172_0179_0179.jpg 1 202 172 179 179
0135_0461_0278_0050_0050.jpg 1 461 278 50 50
0136_0410_0246_0082_0082.jpg 1 410 246 82 82
0137_0413_0114_0082_0082.jpg 1 413 114 82 82
0138_0268_0135_0094_0094.jpg 1 268 135 94 94
0139_0237_0264_0169_0169.jpg 1 237 264 169 169
0140_0069_0298_0051_0051.jpg 1 69 298 51 51
0141_0210_0093_0167_0167.jpg 1 210 93 167 167
0142_0309_0031_0247_0247.jpg 1 309 31 247 247
0143_0398_0154_0079_0079.jpg 1 398 154 79 79
0144_0268_0083_0121_0121.jpg 1 268 83 121 121
0145_0191_0177_0177_0177.jpg 1 191 177 177 177
0146_0076_0067_0324_0324.jpg 1 76 67 324 324
0147_0194_0110_0313_0313.jpg 1 194 110 313 313
0148_0209_0059_0195_0195.jpg 1 209 59 195 195
0149_0301_0234_0138_0138.jpg 1 301 234 138 138
0150_0146_0129_0103_0103.jpg 1 146 129 103 103
0151_0303_0379_0096_0096.jpg 1 303 379 96 96
0152_0060_0039_0232_0232.jpg 1 60 39 232 232
0153_0310_0080_0157_0157.jpg 1 310 80 157 157
0154_0214_0048_0297_0297.jpg 1 214 48 297 297
0155_0315_0144_0234_0234.jpg 1 315 144 234 234
0156_0136_0101_0263_0263.jpg 1 136 101 263 263
0157_0053_0100_0251_0251.jpg 1 53 100 251 251
0158_0141_0021_0306_0306.jpg 1 141 21 306 306
0159_0245_0388_0148_0148.jpg 1 245 388 148 148
0160_0200_0133_0134_0134.jpg 1 200 133 134 134
0161_0122_0148_0044_0044.jpg 1 122 148 44 44
0162_0118_0210_0044_0044.jpg 1 118 210 44 44
0163_0156_0160_0260_0260.jpg 1 156 160 260 260
0164_0075_0040_0228_0228.jpg 1 75 40 228 228
0165_0075_0207_0197_0197.jpg 1 75 207 197 197
0166_0368_0087_0097_0097.jpg 1 368 87 97 97
0167_0174_0432_0050_0050.jpg 1 174 432 50 50
0168_0138_0169_0057_0057.jpg 1 138 169 57 57
0169_0249_0291_0034_0034.jpg 1 249 291 34 34
0170_0090_0024_0242_0242.jpg 1 90 24 242 242
0171_0180_0052_0226_0226.jpg 1 180 52 226 226
0172_0319_0181_0095_0095.jpg 1 319 181 95 95
0173_0045_0039_0261_0261.jpg 1 45 39 261 261
0174_0298_0251_0073_0073.jpg 1 298 251 73 73
0175_0089_0090_0325_0325.jpg 1 89 90 325 325
0176_0126_0085_0089_0089.jpg 1 126 85 89 89
0177_0410_0139_0088_0088.jpg 1 410 139 88 88
0178_0394_0237_0119_0119.jpg 1 394 237 119 119
0179_0109_0147_0207_0207.jpg 1 109 147 207 207
0180_0044_0449_0047_0047.jpg 1 44 449 47 47
0181_0361_0118_0127_0127.jpg 1 361 118 127 127
0182_0081_0063_0335_0335.jpg 1 81 63 335 335
0183_0153_0228_0034_0034.jpg 1 153 228 34 34
0184_0120_0054_0145_0145.jpg 1 120 54 145 145
0185_0071_0224_0213_0213.jpg 1 71 224 213 213
0186_0091_0081_0137_0137.jpg 1 91 81 137 137
0187_0186_0175_0215_0215.jpg 1 186 175 215 215
0188_0084_0120_0266_0266.jpg 1 84 120 266 266
0189_0096_0300_0108_0108.jpg 1 96 300 108 108
0190_0102_0435_0069_0069.jpg 1 102 435 69 69
0191_0132_0276_0264_0264.jpg 1 132 276 264 264
0192_0225_0086_0110_0110.jpg 1 225 86 110 110
0193_0117_0034_0315_0315.jpg 1 117 34 315 315
0194_0167_0063_0335_0335.jpg 1 167 63 335 335
0195_0100_0142_0063_0063.jpg 1 100 142 63 63
0196_0242_0119_0303_0303.jpg 1 242 119 303 303
0197_0105_0088_0129_0129.jpg 1 105 88 129 129
0198_0306_0223_0181_0181.jpg 1 306 223 181 181
0199_0209_0236_0181_0181.jpg 1 209 236 181 181
0200_0064_0058_0259_0259.jpg 1 64 58 259 259
0201_0337_0076_0207_0207.jpg 1 337 76 207 207
0202_0144_0176_0174_0174.jpg 1 144 176 174 174
0203_0082_0087_0335_0335.jpg 1 82 87 335 335
0204_0087_0118_0228_0228.jpg 1 87 118 228 228
0205_0083_0270_0163_0163.jpg 1 83 270 163 163
0206_0065_0063_0309_0309.jpg 1 65 63 309 309
0207_0248_0064_0258_0258.jpg 1 248 64 258 258
0208_0059_0137_0291_0291.jpg 1 59 137 291 291
0209_0139_0104_0330_0330.jpg 1 139 104 330 330
0210_0142_0252_0053_0053.jpg 1 142 252 53 53
0211_0212_0076_0044_0044.jpg 1 212 76 44 44
0212_0204_0151_0264_0264.jpg 1 204 151 264 264
0213_0207_0110_0033_0033.jpg 1 207 110 33 33
0214_0251_0042_0313_0313.jpg 1 251 42 313 313
0215_0300_0217_0165_0165.jpg 1 300 217 165 165
0216_0176_0178_0166_0166.jpg 1 176 178 166 166
0217_0210_0362_0176_0176.jpg 1 210 362 176 176
0218_0267_0053_0249_0249.jpg 1 267 53 249 249
0219_0358_0249_0102_0102.jpg 1 358 249 102 102
0220_0170_0229_0142_0142.jpg 1 170 229 142 142
0221_0366_0100_0099_0099.jpg 1 366 100 99 99
0222_0353_0037_0189_0189.jpg 1 353 37 189 189
0223_0073_0141_0042_0042.jpg 1 73 141 42 42
0224_0272_0152_0234_0234.jpg 1 272 152 234 234
0225_0049_0165_0203_0203.jpg 1 49 165 203 203
0226_0199_0088_0224_0224.jpg 1 199 88 224 224
0227_0347_0214_0150_0150.jpg 1 347 214 150 150
0228_0110_0289_0094_0094.jpg 1 110 289 94 94
0229_0076_0078_0318_0318.jpg 1 76 78 318 318
0230_0243_0123_0318_0318.jpg 1 243 123 318 318
0231_0079_0204_0289_0289.jpg 1 79 204 289 289
0232_0133_0186_0226_0226.jpg 1 133 186 226 226
0233_0070_0136_0193_0193.jpg 1 70 136 193 193
0234_0218_0036_0248_0248.jpg 1 218 36 248 248
0235_0076_0056_0273_0273.jpg 1 76 56 273 273
0236_0390_0223_0041_0041.jpg 1 390 223 41 41
0237_0121_0058_0130_0130.jpg 1 121 58 130 130
0238_0239_0127_0304_0304.jpg 1 239 127 304 304
0239_0042_0200_0334_0334.jpg 1 42 200 334 334
0240_0263_0363_0119_0119.jpg 1 263 363 119 119
0241_0214_0360_0179_0179.jpg 1 214 360 179 179
0242_0121_0202_0165_0165.jpg 1 121 202 165 165
0243_0064_0059_0284_0284.jpg 1 64 59 284 284
0244_0241_0114_0311_0311.jpg 1 241 114 311 311
0245_0313_0083_0205_0205.jpg 1 313 83 205 205
0246_0280_0217_0138_0138.jpg 1 280 217 138 138
0247_0119_0069_0332_0332.jpg 1 119 69 332 332
0248_0197_0154_0118_0118.jpg 1 197 154 118 118
0249_0190_0181_0100_0100.jpg 1 190 181 100 100
0250_0098_0080_0191_0191.jpg 1 98 80 191 191
0251_0118_0106_0272_0272.jpg 1 118 106 272 272
0252_0303_0115_0230_0230.jpg 1 303 115 230 230
0253_0062_0091_0144_0144.jpg 1 62 91 144 144
0254_0091_0080_0216_0216.jpg 1 91 80 216 216
0255_0286_0065_0104_0104.jpg 1 286 65 104 104
0256_0279_0174_0090_0090.jpg 1 279 174 90 90
0257_0149_0282_0212_0212.jpg 1 149 282 212 212
0258_0061_0049_0159_0159.jpg 1 61 49 159 159
0259_0174_0220_0041_0041.jpg 1 174 220 41 41
0260_0450_0302_0071_0071.jpg 1 450 302 71 71
0261_0323_0167_0119_0119.jpg 1 323 167 119 119
0262_0074_0101_0127_0127.jpg 1 74 101 127 127
0263_0263_0062_0279_0279.jpg 1 263 62 279 279
0264_0147_0147_0236_0236.jpg 1 147 147 236 236
0265_0225_0157_0237_0237.jpg 1 225 157 237 237
0266_0057_0264_0141_0141.jpg 1 57 264 141 141
0267_0332_0087_0056_0056.jpg 1 332 87 56 56
0268_0193_0193_0214_0214.jpg 1 193 193 214 214
0269_0052_0154_0254_0254.jpg 1 52 154 254 254
0270_0173_0041_0257_0257.jpg 1 173 41 257 257
0271_0239_0107_0215_0215.jpg 1 239 107 215 215
0272_0201_0383_0031_0031.jpg 1 201 383 31 31
0273_0067_0076_0288_0288.jpg 1 67 76 288 288
0274_0118_0286_0025_0025.jpg 1 118 286 25 25
0275_0078_0225_0176_0176.jpg 1 78 225 176 176
0276_0196_0060_0124_0124.jpg 1 196 60 124 124
0277_0141_0039_0267_0267.jpg 1 141 39 267 267
0278_0166_0269_0108_0108.jpg 1 166 269 108 108
0279_0196_0053_0096_0096.jpg 1 196 53 96 96
0280_0328_0076_0202_0202.jpg 1 328 76 202 202
0281_0202_0114_0321_0321.jpg 1 202 114 321 321
0282_0213_0280_0186_0186.jpg 1 213 280 186 186
0283_0217_0087_0309_0309.jpg 1 217 87 309 309
0284_0121_0117_0065_0065.jpg 1 121 117 65 65
0285_0307_0141_0164_0164.jpg 1 307 141 164 164
0286_0201_0068_0329_0329.jpg 1 201 68 329 329
0287_0049_0041_0276_0276.jpg 1 49 41 276 276
0288_0248_0307_0113_0113.jpg 1 248 307 113 113
0289_0168_0225_0116_0116.jpg 1 168 225 116 116
0290_0158_0056_0285_0285.jpg 1 158 56 285 285
0291_0115_0101_0266_0266.jpg 1 115 101 266 266
0292_0275_0156_0280_0280.jpg 1 275 156 280 280
0293_0271_0203_0089_0089.jpg 1 271 203 89 89
0294_0103_0115_0289_0289.jpg 1 103 115 289 289
0295_0194_0034_0292_0292.jpg 1 194 34 292 292
0296_0174_0227_0025_0025.jpg 1 174 227 25 25
0297_0145_0094_0188_0188.jpg 1 145 94 188 188
0298_0219_0121_0327_0327.jpg 1 219 121 327 327
0299_0142_0196_0298_0298.jpg 1 142 196 298 298
0300_0017_0055_0282_0282.jpg 1 17 55 282 282
0301_0075_0037_0285_0285.jpg 1 75 37 285 285
0302_0168_0064_0332_0332.jpg 1 168 64 332 332
0303_0060_0109_0329_0329.jpg 1 60 109 329 329
0304_0315_0097_0225_0225.jpg 1 315 97 225 225
0305_0411_0174_0076_0076.jpg 1 411 174 76 76
0306_0198_0130_0301_0301.jpg 1 198 130 301 301
0307_0052_0024_0281_0281.jpg 1 52 24 281 281
0308_0079_0203_0287_0287.jpg 1 79 203 287 287
0309_0119_0218_0317_0317.jpg 1 119 218 317 317
0310_0204_0144_0133_0133.jpg 1 204 144 133 133
0311_0291_0233_0057_0057.jpg 1 291 233 57 57
0312_0447_0162_0035_0035.jpg 1 447 162 35 35
0313_0454_0322_0052_0052.jpg 1 454 322 52 52
0314_0328_0115_0160_0160.jpg 1 328 115 160 160
0315_0130_0113_0258_0258.jpg 1 130 113 258 258
0316_0120_0118_0282_0282.jpg 1 120 118 282 282
0317_0242_0035_0311_0311.jpg 1 242 35 311 311
0318_0059_0254_0310_0310.jpg 1 59 254 310 310
0319_0351_0247_0031_0031.jpg 1 351 247 31 31
0320_0042_0294_0269_0269.jpg 1 42 294 269 269
0321_0393_0325_0055_0055.jpg 1 393 325 55 55
0322_0120_0235_0068_0068.jpg 1 120 235 68 68
0323_0098_0114_0293_0293.jpg 1 98 114 293 293
0324_0218_0145_0282_0282.jpg 1 218 145 282 282
0325_0079_0111_0258_0258.jpg 1 79 111 258 258
0326_0106_0114_0177_0177.jpg 1 106 114 177 177
0327_0230_0103_0264_0264.jpg 1 230 103 264 264
0328_0262_0060_0251_0251.jpg 1 262 60 251 251
0329_0045_0052_0234_0234.jpg 1 45 52 234 234
0330_0176_0306_0167_0167.jpg 1 176 306 167 167
0331_0120_0095_0142_0142.jpg 1 120 95 142 142
0332_0071_0076_0134_0134.jpg 1 71 76 134 134
0333_0077_0355_0102_0102.jpg 1 77 355 102 102
0334_0096_0029_0318_0318.jpg 1 96 29 318 318
0335_0157_0349_0029_0029.jpg 1 157 349 29 29
0336_0156_0046_0331_0331.jpg 1 156 46 331 331
0337_0115_0055_0246_0246.jpg 1 115 55 246 246
0338_0264_0106_0155_0155.jpg 1 264 106 155 155
0339_0179_0138_0083_0083.jpg 1 179 138 83 83
0340_0166_0344_0102_0102.jpg 1 166 344 102 102
0341_0132_0226_0119_0119.jpg 1 132 226 119 119
0342_0335_0078_0200_0200.jpg 1 335 78 200 200
0343_0074_0125_0094_0094.jpg 1 74 125 94 94
0344_0127_0104_0315_0315.jpg 1 127 104 315 315
0345_0129_0087_0241_0241.jpg 1 129 87 241 241
0346_0438_0239_0083_0083.jpg 1 438 239 83 83
0347_0116_0048_0182_0182.jpg 1 116 48 182 182
0348_0116_0084_0319_0319.jpg 1 116 84 319 319
0349_0102_0166_0270_0270.jpg 1 102 166 270 270
0350_0157_0113_0300_0300.jpg 1 157 113 300 300
0351_0173_0182_0211_0211.jpg 1 173 182 211 211
0352_0110_0171_0238_0238.jpg 1 110 171 238 238
0353_0126_0155_0046_0046.jpg 1 126 155 46 46
0354_0207_0211_0050_0050.jpg 1 207 211 50 50
0355_0129_0081_0332_0332.jpg 1 129 81 332 332
0356_0168_0088_0119_0119.jpg 1 168 88 119 119
0357_0083_0050_0204_0204.jpg 1 83 50 204 204
0358_0153_0110_0316_0316.jpg 1 153 110 316 316
0359_0075_0048_0222_0222.jpg 1 75 48 222 222
0360_0261_0100_0092_0092.jpg 1 261 100 92 92
0361_0207_0073_0231_0231.jpg 1 207 73 231 231
0362_0248_0117_0213_0213.jpg 1 248 117 213 213
0363_0072_0270_0195_0195.jpg 1 72 270 195 195
0364_0160_0109_0313_0313.jpg 1 160 109 313 313
0365_0144_0124_0065_0065.jpg 1 144 124 65 65
0366_0356_0275_0084_0084.jpg 1 356 275 84 84
0367_0220_0138_0093_0093.jpg 1 220 138 93 93
0368_0110_0424_0054_0054.jpg 1 110 424 54 54
0369_0314_0155_0215_0215.jpg 1 314 155 215 215
0370_0274_0125_0153_0153.jpg 1 274 125 153 153
0371_0384_0215_0080_0080.jpg 1 384 215 80 80
0372_0155_0021_0292_0292.jpg 1 155 21 292 292
0373_0129_0226_0169_0169.jpg 1 129 226 169 169
0374_0226_0112_0226_0226.jpg 1 226 112 226 226
0375_0251_0135_0202_0202.jpg 1 251 135 202 202
0376_0215_0440_0034_0034.jpg 1 215 440 34 34
0377_0161_0056_0180_0180.jpg 1 161 56 180 180
0378_0155_0053_0139_0139.jpg 1 155 53 139 139
0379_0132_0258_0101_0101.jpg 1 132 258 101 101
0380_0277_0121_0032_0032.jpg 1 277 121 32 32
0381_0280_0070_0165_0165.jpg 1 280 70 165 165
0382_0211_0083_0158_0158.jpg 1 211 83 158 158
0383_0109_0109_0113_0113.jpg 1 109 109 113 113
0384_0238_0119_0300_0300.jpg 1 238 119 300 300
0385_0175_0120_0212_0212.jpg 1 175 120 212 212
0386_0228_0044_0246_0246.jpg 1 228 44 246 246
0387_0104_0237_0270_0270.jpg 1 104 237 270 270
0388_0205_0063_0233_0233.jpg 1 205 63 233 233
0389_0130_0081_0036_0036.jpg 1 130 81 36 36
0390_0175_0130_0243_0243.jpg 1 175 130 243 243
0391_0144_0336_0183_0183.jpg 1 144 336 183 183
0392_0195_0134_0216_0216.jpg 1 195 134 216 216
0393_0089_0108_0160_0160.jpg 1 89 108 160 160
0394_0040_0251_0248_0248.jpg 1 40 251 248 248
0395_0122_0149_0279_0279.jpg 1 122 149 279 279
0396_0228_0104_0173_0173.jpg 1 228 104 173 173
0397_0155_0108_0325_0325.jpg 1 155 108 325 325
0398_0162_0089_0232_0232.jpg 1 162 89 232 232
0399_0296_0147_0205_0205.jpg 1 296 147 205 205
0400_0163_0064_0334_0334.jpg 1 163 64 334 334
0401_0218_0037_0239_0239.jpg 1 218 37 239 239
0402_0040_0117_0250_0250.jpg 1 40 117 250 250
0403_0167_0259_0141_0141.jpg 1 167 259 141 141
0404_0283_0323_0050_0050.jpg 1 283 323 50 50
0405_0315_0168_0158_0158.jpg 1 315 168 158 158
0406_0194_0105_0252_0252.jpg 1 194 105 252 252
0407_0056_0087_0080_0080.jpg 1 56 87 80 80
0408_0367_0256_0025_0025.jpg 1 367 256 25 25
0409_0248_0015_0328_0328.jpg 1 248 15 328 328
0410_0164_0425_0089_0089.jpg 1 164 425 89 89
0411_0236_0144_0115_0115.jpg 1 236 144 115 115
0412_0307_0099_0085_0085.jpg 1 307 99 85 85
0413_0111_0265_0133_0133.jpg 1 111 265 133 133
0414_0065_0081_0316_0316.jpg 1 65 81 316 316
0415_0074_0021_0335_0335.jpg 1 74 21 335 335
0416_0157_0080_0095_0095.jpg 1 157 80 95 95
0417_0132_0132_0136_0136.jpg 1 132 132 136 136
0418_0246_0152_0137_0137.jpg 1 246 152 137 137
0419_0057_0127_0232_0232.jpg 1 57 127 232 232
0420_0158_0144_0198_0198.jpg 1 158 144 198 198
0421_0195_0124_0318_0318.jpg 1 195 124 318 318
0422_0067_0081_0301_0301.jpg 1 67 81 301 301
0423_0092_0332_0208_0208.jpg 1 92 332 208 208
0424_0239_0159_0041_0041.jpg 1 239 159 41 41
0425_0072_0056_0270_0270.jpg 1 72 56 270 270
0426_0240_0130_0153_0153.jpg 1 240 130 153 153
0427_0040_0092_0301_0301.jpg 1 40 92 301 301
0428_0086_0132_0251_0251.jpg 1 86 132 251 251
0429_0397_0213_0128_0128.jpg 1 397 213 128 128
0430_0194_0100_0082_0082.jpg 1 194 100 82 82
0431_0201_0100_0072_0072.jpg 1 201 100 72 72
0432_0225_0048_0205_0205.jpg 1 225 48 205 205
0433_0115_0297_0065_0065.jpg 1 115 297 65 65
0434_0067_0139_0172_0172.jpg 1 67 139 172 172
0435_0207_0129_0186_0186.jpg 1 207 129 186 186
0436_0080_0118_0089_0089.jpg 1 80 118 89 89
0437_0134_0163_0263_0263.jpg 1 134 163 263 263
0438_0088_0189_0179_0179.jpg 1 88 189 179 179
0439_0261_0039_0298_0298.jpg 1 261 39 298 298
0440_0080_0103_0043_0043.jpg 1 80 103 43 43
0441_0271_0038_0255_0255.jpg 1 271 38 255 255
0442_0296_0157_0233_0233.jpg 1 296 157 233 233
0443_0059_0059_0166_0166.jpg 1 59 59 166 166
0444_0234_0233_0104_0104.jpg 1 234 233 104 104
0445_0138_0073_0253_0253.jpg 1 138 73 253 253
0446_0318_0081_0129_0129.jpg 1 318 81 129 129
0447_0237_0050_0165_0165.jpg 1 237 50 165 165
0448_0139_0102_0324_0324.jpg 1 139 102 324 324
0449_0159_0196_0222_0222.jpg 1 159 196 222 222
0450_0111_0196_0268_0268.jpg 1 111 196 268 268
0451_0156_0139_0275_0275.jpg 1 156 139 275 275
0452_0179_0070_0292_0292.jpg 1 179 70 292 292
0453_0068_0204_0176_0176.jpg 1 68 204 176 176
0454_0067_0150_0094_0094.jpg 1 67 150 94 94
0455_0214_0357_0045_0045.jpg 1 214 357 45 45
0456_0347_0208_0064_0064.jpg 1 347 208 64 64
0457_0101_0140_0296_0296.jpg 1 101 140 296 296
0458_0213_0146_0255_0255.jpg 1 213 146 255 255
0459_0252_0122_0216_0216.jpg 1 252 122 216 216
0460_0145_0190_0261_0261.jpg 1 145 190 261 261
0461_0291_0051_0075_0075.jpg 1 291 51 75 75
0462_0257_0043_0182_0182.jpg 1 257 43 182 182
0463_0286_0208_0195_0195.jpg 1 286 208 195 195
0464_0116_0114_0315_0315.jpg 1 116 114 315 315
0465_0164_0110_0312_0312.jpg 1 164 110 312 312
0466_0129_0344_0025_0025.jpg 1 129 344 25 25
0467_0241_0104_0285_0285.jpg 1 241 104 285 285
0468_0198_0129_0041_0041.jpg 1 198 129 41 41
0469_0404_0117_0128_0128.jpg 1 404 117 128 128
0470_0240_0094_0316_0316.jpg 1 240 94 316 316
0471_0087_0222_0138_0138.jpg 1 87 222 138 138
0472_0249_0096_0029_0029.jpg 1 249 96 29 29
0473_0182_0191_0088_0088.jpg 1 182 191 88 88
0474_0117_0193_0088_0088.jpg 1 117 193 88 88
0475_0208_0102_0239_0239.jpg 1 208 102 239 239
0476_0443_0329_0047_0047.jpg 1 443 329 47 47
0477_0191_0090_0158_0158.jpg 1 191 90 158 158
0478_0260_0037_0250_0250.jpg 1 260 37 250 250
0479_0324_0208_0114_0114.jpg 1 324 208 114 114
0480_0160_0427_0076_0076.jpg 1 160 427 76 76
0481_0180_0125_0122_0122.jpg 1 180 125 122 122
0482_0306_0109_0069_0069.jpg 1 306 109 69 69
0483_0224_0040_0230_0230.jpg 1 224 40 230 230
0484_0261_0051_0291_0291.jpg 1 261 51 291 291
0485_0377_0041_0134_0134.jpg 1 377 41 134 134
0486_0239_0083_0266_0266.jpg 1 239 83 266 266
0487_0352_0101_0147_0147.jpg 1 352 101 147 147
0488_0114_0053_0320_0320.jpg 1 114 53 320 320
0489_0158_0082_0302_0302.jpg 1 158 82 302 302
0490_0288_0131_0100_0100.jpg 1 288 131 100 100
0491_0211_0192_0127_0127.jpg 1 211 192 127 127
0492_0234_0029_0240_0240.jpg 1 234 29 240 240
0493_0265_0078_0143_0143.jpg 1 265 78 143 143
0494_0231_0118_0295_0295.jpg 1 231 118 295 295
0495_0284_0091_0204_0204.jpg 1 284 91 204 204
0496_0144_0191_0162_0162.jpg 1 144 191 162 162
0497_0228_0071_0335_0335.jpg 1 228 71 335 335
0498_0035_0219_0260_0260.jpg 1 35 219 260 260
0499_0348_0088_0038_0038.jpg 1 348 88 38 38
0500_0120_0095_0264_0264.jpg 1 120 95 264 264
